fc_b_002: з•®['D', 'C'] вЖТ D йФЃ['ACD'] вЬЧ
fc_b_003: з•®['D', 'D'] вЖТ D йФЃ['ABCD'] вЬЧ
fc_b_004: з•®['D', 'D'] вЖТ D йФЃ['ABC'] вЬЧ
fc_b_008: з•®['C', 'A', 'A'] вЖТ A йФЃ['ABC'] вЬЧ
fc_b_010: з•®['B', 'BD', 'B'] вЖТ B йФЃ['BCD'] вЬЧ
fc_b_012: з•®['C', 'D'] вЖТ C йФЃ['BCD'] вЬЧ
fc_b_013: з•®['A', 'B', 'A'] вЖТ A йФЃ['A'] вЬУ
fc_b_018: з•®['AB'] вЖТ AB йФЃ['ABD'] вЬЧ
fin_b_001: з•®['A', 'D'] вЖТ D йФЃ['ACD'] вЬЧ
fin_b_005: з•®[] вЖТ None йФЃ['AC'] вЬЧ
fin_b_009: з•®[] вЖТ None йФЃ['BCD'] вЬЧ
fin_b_010: з•®['BCD', 'BCD', 'BCD'] вЖТ BCD йФЃ['AD'] вЬЧ
fin_b_011: з•®['D', 'A'] вЖТ A йФЃ['ABC'] вЬЧ
fin_b_013: з•®[] вЖТ None йФЃ['40.05', '10.10'] вЬЧ
fin_b_017: з•®['D', 'A'] вЖТ D йФЃ['1049321.98', '0.08'] вЬЧ
fin_b_020: з•®['A', 'A'] вЖТ A йФЃ['112.32', '112.31', '0.01'] вЬЧ
ins_b_001: з•®[] вЖТ None йФЃ['333.20'] вЬЧ
ins_b_006: з•®['D', 'D', 'D'] вЖТ D йФЃ['BCD'] вЬЧ
ins_b_007: з•®['D', 'ABCD'] вЖТ A йФЃ['BC'] вЬЧ
ins_b_008: з•®['A', 'D'] вЖТ D йФЃ['ABCD'] вЬЧ
ins_b_020: з•®['D', 'D', 'D'] вЖТ D йФЃ['ACD'] вЬЧ
reg_b_003: з•®['C', 'D', 'C'] вЖТ C йФЃ['2026еєі3жЬИ30жЧ•'] вЬЧ
reg_b_004: з•®['D', 'D'] вЖТ D йФЃ['2026еєі6жЬИ30жЧ•'] вЬЧ
reg_b_005: з•®['BCD', 'C', 'C'] вЖТ C йФЃ['BCD'] вЬЧ
reg_b_008: з•®['BC', 'BC', 'BC'] вЖТ BC йФЃ['BC'] вЬУ
reg_b_018: з•®['B', 'A', 'A'] вЖТ A йФЃ['2026еєі4жЬИ1жЧ•'] вЬЧ
res_b_002: з•®['AC', 'C'] вЖТ AC йФЃ['AC'] вЬУ
res_b_006: з•®['B'] вЖТ B йФЃ['AB'] вЬЧ
res_b_011: з•®['B', 'B'] вЖТ B йФЃ['BC'] вЬЧ
res_b_012: з•®[] вЖТ None йФЃ['67.1'] вЬЧ
res_b_015: з•®['B', 'B'] вЖТ B йФЃ['BD'] вЬЧ
res_b_020: з•®['BD'] вЖТ BD йФЃ['BD'] вЬУ

еК®жАБеОЛзЉ©е±В: 4/32
