fc_b_007: 票['B', 'B', 'B'] → B 键['BC'] ✗
fc_b_009: 票['ABD', 'ABD'] → ABD 键['ABD'] ✓
fc_b_016: 票['C', 'C', 'C'] → C 键['C'] ✓
fc_b_017: 票['BC', 'BC', 'BC'] → BC 键['BC'] ✓
fc_b_019: 票['ABCD', 'ABCD', 'ABC'] → ABCD 键['ABCD'] ✓
fin_b_003: 票['ABCD', 'ABCD', 'ABCD'] → ABCD 键['ABCD'] ✓
fin_b_004: 票[] → None 键['AB'] ✗
fin_b_006: 票['BC'] → BC 键['BC'] ✓
fin_b_007: 票['ABD', 'ABD', 'ABD'] → ABD 键['ABD'] ✓
fin_b_012: 票['AB', 'AB', 'AB'] → AB 键['AB'] ✓
fin_b_014: 票['A', 'A', 'A'] → A 键['1.12', '9.82', '8.69'] ✗
fin_b_015: 票['A', 'A', 'A'] → A 键['宁德时代>美的集团', '19.75'] ✗
fin_b_016: 票[] → None 键['宁德时代>美的集团>招商银行>中国建筑', '76.92'] ✗
fin_b_019: 票['A', 'A', 'A'] → A 键['比亚迪>宁德时代>美的集团', '0.84'] ✗
ins_b_002: 票['BC', 'BC', 'BC'] → BC 键['BC'] ✓
ins_b_003: 票[] → None 键['366.00'] ✗
ins_b_004: 票['C', 'BCD', 'D'] → C 键['BCD'] ✗
ins_b_005: 票['D', 'D'] → D 键['BD'] ✗
ins_b_009: 票['BCD', 'BCD', 'BCD'] → BCD 键['BCD'] ✓
ins_b_010: 票['AB', 'AB', 'AB'] → AB 键['AB'] ✓
ins_b_012: 票['C', 'C', 'BC'] → C 键['BCD'] ✗
ins_b_014: 票['ACD', 'ACD', 'ACD'] → ACD 键['ACD'] ✓
ins_b_016: 票['ABD', 'A', 'ABD'] → ABD 键['ABD'] ✓
ins_b_017: 票['ABCD', 'ABC', 'ABC'] → ABC 键['ABCD'] ✗
reg_b_001: 票['ABC', 'C'] → ABC 键['ACD'] ✗
res_b_008: 票['A'] → A 键['AC'] ✗
res_b_013: 票['AB', 'A', 'A'] → A 键['AB'] ✗
res_b_018: 票['CD'] → D 键['CD'] ✗

动态压缩层: 13/28
