res_b_014: 瘦83.8 vs 原83.8
res_b_009: 瘦83.8 vs 原83.8
fin_b_019: 瘦89.8 vs 原83.8
fin_b_020: 瘦85.8 vs 原85.8
res_b_018: 瘦89.2 vs 原89.2
fin_b_017: 瘦83.8 vs 原89.8
res_b_020: 瘦83.8 vs 原83.8
fin_b_018: 瘦83.8 vs 原83.8
res_b_008: 瘦66.5 vs 原83.8
ins_b_016: 瘦91.5 vs 原91.5
ins_b_004: 瘦85.8 vs 原84.8
fin_b_014: 瘦89.8 vs 原89.8
fin_b_013: 瘦89.8 vs 原89.8
res_b_012: 瘦63.2 vs 原89.2
res_b_003: 瘦83.8 vs 原83.8
fin_b_010: 瘦89.2 vs 原89.2
fin_b_003: 瘦87.8 vs 原84.8
res_b_010: 瘦83.8 vs 原83.8
ins_b_003: 瘦89.8 vs 原91.5
res_b_019: 瘦83.8 vs 原83.8
fin_b_009: 瘦85.8 vs 原85.8
res_b_005: 瘦89.8 vs 原90.8
fc_b_008: 瘦83.8 vs 原83.8
res_b_006: 瘦83.8 vs 原83.8
res_b_011: 瘦87.2 vs 原89.2
res_b_016: 瘦86.5 vs 原86.5
res_b_002: 瘦87.2 vs 原89.2
res_b_013: 瘦83.8 vs 原83.8
res_b_001: 瘦83.8 vs 原83.8
fc_b_005: 瘦89.8 vs 原89.8
fin_b_016: 瘦85.8 vs 原85.8
fc_b_006: 瘦91.5 vs 原91.5
fin_b_002: 瘦85.8 vs 原85.8
ins_b_019: 瘦89.8 vs 原89.8
ins_b_001: 瘦91.5 vs 原91.5
res_b_015: 瘦83.8 vs 原89.2
res_b_004: 瘦83.8 vs 原83.8
fin_b_015: 瘦89.8 vs 原89.8
fin_b_008: 瘦89.2 vs 原89.2
fin_b_006: 瘦85.8 vs 原85.8
fin_b_011: 瘦89.2 vs 原89.2
reg_b_018: 瘦85.8 vs 原85.8
reg_b_023: 瘦83.8 vs 原83.8

需换回原版 7行: [('fin_b_017', 83.8, 89.8), ('res_b_008', 66.5, 83.8), ('res_b_012', 63.2, 89.2), ('ins_b_003', 89.8, 91.5), ('res_b_011', 87.2, 89.2), ('res_b_002', 87.2, 89.2), ('res_b_015', 83.8, 89.2)]
