res_b_005: 1,500ŌåÆ900
fc_b_008: 1,347ŌåÆ904
res_b_006: 1,301ŌåÆ846
res_b_011: 1,281ŌåÆ860
res_b_016: 1,239ŌåÆ882
res_b_002: 1,237ŌåÆ797
res_b_013: 1,232ŌåÆ826
res_b_001: 1,206ŌåÆ838
fc_b_005: 1,204ŌåÆ1,073
fin_b_016: 1,202ŌåÆ914
fc_b_006: 1,193ŌåÆ758
fin_b_002: 1,186ŌåÆ924
ins_b_019: 1,179ŌåÆ912
ins_b_001: 1,175ŌåÆ872
res_b_015: 1,171ŌåÆ796
res_b_004: 1,170ŌåÆ792
fin_b_015: 1,156ŌåÆ1,022
fin_b_008: 1,149ŌåÆ1,002
fin_b_006: 1,111ŌåÆ944
fin_b_011: 1,092ŌåÆ1,029
reg_b_018: 1,064ŌåÆ936
reg_b_023: 1,056ŌåÆ722
ÕåŹń£ü6,902 | µÄ©ńÉåĶ┤” 97,306
