已完成0题, 续跑
fc_b_001 801字
fc_b_002 630字
fc_b_003 690字
fc_b_004 698字
fc_b_005 811字
fc_b_006 846字
fc_b_007 813字
fc_b_008 750字
fc_b_009 743字
fc_b_010 684字
fc_b_011 758字
fc_b_012 750字
fc_b_013 808字
fc_b_014 733字
fc_b_015 776字
fc_b_016 774字
fc_b_017 709字
fc_b_018 739字
fc_b_019 873字
fc_b_020 785字
fin_b_001 905字
fin_b_002 859字
fin_b_003 799字
fin_b_004 1102字
fin_b_005 768字
fin_b_006 766字
fin_b_007 745字
fin_b_008 802字
fin_b_009 782字
fin_b_010 928字
fin_b_011 677字
fin_b_012 857字
fin_b_013 900字
fin_b_014 895字
fin_b_015 757字
fin_b_016 776字
fin_b_017 793字
fin_b_018 770字
fin_b_019 841字
fin_b_020 865字
ins_b_001 698字
ins_b_002 791字
ins_b_003 711字
ins_b_004 721字
ins_b_005 842字
ins_b_006 702字
ins_b_007 748字
ins_b_008 750字
ins_b_009 762字
ins_b_010 757字
ins_b_011 742字
ins_b_012 772字
ins_b_013 826字
ins_b_014 676字
ins_b_015 761字
ins_b_016 807字
ins_b_017 776字
ins_b_018 740字
ins_b_019 714字
ins_b_020 618字
reg_b_001 823字
reg_b_003 705字
reg_b_004 752字
reg_b_005 699字
reg_b_007 777字
reg_b_008 710字
reg_b_009 810字
reg_b_013 806字
reg_b_014 710字
reg_b_015 828字
reg_b_016 775字
reg_b_017 1154字
reg_b_018 822字
reg_b_020 764字
reg_b_021 799字
reg_b_023 849字
reg_b_024 833字
reg_b_025 689字
reg_b_026 798字
reg_b_027 799字
res_b_001 755字
res_b_002 814字
res_b_003 736字
res_b_004 718字
res_b_005 775字
res_b_006 802字
res_b_007 801字
res_b_008 893字
res_b_009 896字
res_b_010 717字
res_b_011 736字
res_b_012 816字
res_b_013 823字
res_b_014 758字
res_b_015 735字
res_b_016 856字
res_b_017 760字
res_b_018 894字
res_b_019 776字
res_b_020 673字
ALL-DONE
