fin_b_004: 5,123 вҶ’ 1,018 вң“
res_b_014: 4,405 вҶ’ 892 вң“
res_b_009: 3,455 вҶ’ 985 вң“
fin_b_019: 2,884 вҶ’ 1,153 вң“
res_b_012: дҝқз•ҷеҺҹзүҲ
fin_b_020: 2,630 вҶ’ 1,121 вң“
res_b_018: 2,275 вҶ’ 850 вң“
fin_b_017: 2,274 вҶ’ 1,046 вң“
fc_b_003: 2,239 вҶ’ 803 вң“
res_b_020: 2,163 вҶ’ 904 вң“
reg_b_015: дҝқз•ҷеҺҹзүҲ
fin_b_018: 2,046 вҶ’ 981 вң“
fin_b_012: дҝқз•ҷеҺҹзүҲ
reg_b_021: дҝқз•ҷеҺҹзүҲ
res_b_008: 1,771 вҶ’ 851 вң“
ins_b_016: 1,694 вҶ’ 813 вң“
ins_b_004: 1,678 вҶ’ 807 вң“
fin_b_014: 1,643 вҶ’ 1,299 вң“
fin_b_013: 1,608 вҶ’ 1,296 вң“
ins_b_010: дҝқз•ҷеҺҹзүҲ
жҚўиЎҖ15/20иЎҢ, еҮҖзңҒ 23,069 tokens
