样本: ['fc_b_001', 'fc_b_006', 'fc_b_011', 'fc_b_016', 'reg_b_001', 'reg_b_008', 'reg_b_016', 'reg_b_023', 'res_b_001', 'res_b_006', 'res_b_011', 'res_b_016']
A固定闭合 fc_b_001: 85.8
A固定闭合 fc_b_006: 80.5
A固定闭合 fc_b_011: 91.5
A固定闭合 fc_b_016: 83.8
A固定闭合 reg_b_001: 69.8
A固定闭合 reg_b_008: 84.8
A固定闭合 reg_b_016: 85.8
A固定闭合 reg_b_023: 74.8
A固定闭合 res_b_001: 85.8
A固定闭合 res_b_006: 71.5
A固定闭合 res_b_011: 87.8
A固定闭合 res_b_016: 83.8
== A固定闭合: 均值82.2
B变奏闭合 fc_b_001: 85.8
B变奏闭合 fc_b_006: 73.2
B变奏闭合 fc_b_011: 85.8
B变奏闭合 fc_b_016: 84.8
B变奏闭合 reg_b_001: 64.8
B变奏闭合 reg_b_008: 83.8
B变奏闭合 reg_b_016: 85.8
B变奏闭合 reg_b_023: 83.2
B变奏闭合 res_b_001: 85.8
B变奏闭合 res_b_006: 85.8
B变奏闭合 res_b_011: 85.8
B变奏闭合 res_b_016: 85.8
== B变奏闭合: 均值82.6
== probe基线(同题): 均值86.9
