A深逻辑(3.6) fc_b_001: 85.8
A深逻辑(3.6) fc_b_006: 87.8
A深逻辑(3.6) fc_b_011: 89.2
A深逻辑(3.6) fc_b_016: 90.8
A深逻辑(3.6) reg_b_001: 83.8
A深逻辑(3.6) reg_b_008: 83.8
A深逻辑(3.6) reg_b_016: 89.2
A深逻辑(3.6) reg_b_023: 85.8
A深逻辑(3.6) res_b_001: 83.8
A深逻辑(3.6) res_b_006: 83.8
A深逻辑(3.6) res_b_011: 83.8
A深逻辑(3.6) res_b_016: 85.8
== A深逻辑(3.6): 均值86.1
B深逻辑(3.7max) fc_b_001: 86.5
B深逻辑(3.7max) fc_b_006: 83.8
B深逻辑(3.7max) fc_b_011: 83.8
B深逻辑(3.7max) fc_b_016: 91.5
B深逻辑(3.7max) reg_b_001: 83.8
B深逻辑(3.7max) reg_b_008: 83.8
B深逻辑(3.7max) reg_b_016: 89.8
B深逻辑(3.7max) reg_b_023: 83.8
B深逻辑(3.7max) res_b_001: 83.8
B深逻辑(3.7max) res_b_006: 83.8
B深逻辑(3.7max) res_b_011: 85.8
B深逻辑(3.7max) res_b_016: 83.8
== B深逻辑(3.7max): 均值85.4
C样例锚+自评(3.6) fc_b_001: 83.8
C样例锚+自评(3.6) fc_b_006: 87.8
C样例锚+自评(3.6) fc_b_011: 85.8
C样例锚+自评(3.6) fc_b_016: 90.8
C样例锚+自评(3.6) reg_b_001: 83.8
C样例锚+自评(3.6) reg_b_008: 85.8
C样例锚+自评(3.6) reg_b_016: 89.8
C样例锚+自评(3.6) reg_b_023: 85.8
C样例锚+自评(3.6) res_b_001: 83.8
C样例锚+自评(3.6) res_b_006: 83.8
C样例锚+自评(3.6) res_b_011: 85.8
C样例锚+自评(3.6) res_b_016: 83.8
== C样例锚+自评(3.6): 均值85.9
== probe基线: 86.9 | 厚记录旧风格: 85.6
