fc_b_001 783
fc_b_002 751
fc_b_003 766
fc_b_004 724
fc_b_005 882
fc_b_006 826
fc_b_007 774
fc_b_008 762
fc_b_009 805
fc_b_010 774
fc_b_011 761
fc_b_012 705
fc_b_013 836
fc_b_014 915
fc_b_015 783
fc_b_016 812
fc_b_017 673
fc_b_018 794
fc_b_019 755
fc_b_020 806
fin_b_001 850
fin_b_002 823
fin_b_003 816
fin_b_004 848
fin_b_005 787
fin_b_006 870
fin_b_007 853
fin_b_008 782
fin_b_009 803
fin_b_010 710
fin_b_011 721
fin_b_012 731
fin_b_013 971
fin_b_014 924
fin_b_015 862
fin_b_016 793
fin_b_017 776
fin_b_018 769
fin_b_019 861
fin_b_020 853
ins_b_001 727
ins_b_002 752
ins_b_003 702
ins_b_004 750
ins_b_005 781
ins_b_006 760
ins_b_007 759
ins_b_008 750
ins_b_009 711
ins_b_010 804
ins_b_011 740
ins_b_012 717
ins_b_013 703
ins_b_014 689
ins_b_015 746
ins_b_016 772
ins_b_017 711
ins_b_018 771
ins_b_019 746
ins_b_020 723
reg_b_001 792
reg_b_003 680
reg_b_004 771
reg_b_005 708
reg_b_007 740
reg_b_008 740
reg_b_009 737
reg_b_013 834
reg_b_014 693
reg_b_015 798
reg_b_016 759
reg_b_017 756
reg_b_018 893
reg_b_020 741
reg_b_021 808
reg_b_023 809
reg_b_024 788
reg_b_025 742
reg_b_026 769
reg_b_027 781
res_b_001 787
res_b_002 868
res_b_003 825
res_b_004 789
res_b_005 791
res_b_006 804
res_b_007 730
res_b_008 849
res_b_009 879
res_b_010 816
res_b_011 760
res_b_012 773
res_b_013 844
res_b_014 796
res_b_015 791
res_b_016 772
res_b_017 794
res_b_018 777
res_b_019 830
res_b_020 803
ALL-DONE
