fc_b_001 757
fc_b_002 682
fc_b_003 724
fc_b_004 751
fc_b_005 823
fc_b_006 767
fc_b_007 810
fc_b_008 760
fc_b_009 776
fc_b_010 696
fc_b_011 791
fc_b_012 688
fc_b_013 758
fc_b_014 723
fc_b_015 774
fc_b_016 832
fc_b_017 679
fc_b_018 770
fc_b_019 703
fc_b_020 815
fin_b_001 810
fin_b_002 921
fin_b_003 873
fin_b_004 802
fin_b_005 690
fin_b_006 776
fin_b_007 775
fin_b_008 889
fin_b_009 834
fin_b_010 785
fin_b_011 856
fin_b_012 839
fin_b_013 932
fin_b_014 997
fin_b_015 829
fin_b_016 711
fin_b_017 710
fin_b_018 767
fin_b_019 891
fin_b_020 830
ins_b_001 775
ins_b_002 838
ins_b_003 698
ins_b_004 721
ins_b_005 747
ins_b_006 744
ins_b_007 796
ins_b_008 824
ins_b_009 719
ins_b_010 765
ins_b_011 773
ins_b_012 692
ins_b_013 681
ins_b_014 649
ins_b_015 761
ins_b_016 793
ins_b_017 764
ins_b_018 740
ins_b_019 763
ins_b_020 669
reg_b_001 858
reg_b_003 799
reg_b_004 669
reg_b_005 742
reg_b_007 760
reg_b_008 799
reg_b_009 750
reg_b_013 799
reg_b_014 722
reg_b_015 776
reg_b_016 743
reg_b_017 666
reg_b_018 775
reg_b_020 738
reg_b_021 817
reg_b_023 751
reg_b_024 798
reg_b_025 831
reg_b_026 755
reg_b_027 785
res_b_001 788
res_b_002 884
res_b_003 882
res_b_004 794
res_b_005 877
res_b_006 799
res_b_007 754
res_b_008 850
res_b_009 926
res_b_010 886
res_b_011 783
res_b_012 784
res_b_013 789
res_b_014 843
res_b_015 838
res_b_016 761
res_b_017 824
res_b_018 813
res_b_019 866
res_b_020 777
ALL-DONE
