fc_b_001 746
fc_b_002 697
fc_b_003 707
fc_b_004 723
fc_b_005 909
fc_b_006 659
fc_b_007 790
fc_b_008 846
fc_b_009 797
fc_b_010 760
fc_b_011 863
fc_b_012 698
fc_b_013 761
fc_b_014 833
fc_b_015 788
fc_b_016 780
fc_b_017 782
fc_b_018 717
fc_b_019 696
fc_b_020 797
fin_b_001 1039
fin_b_002 846
fin_b_003 781
fin_b_004 824
fin_b_005 680
fin_b_006 777
fin_b_007 722
fin_b_008 834
fin_b_009 728
fin_b_010 835
fin_b_011 867
fin_b_012 763
fin_b_013 912
fin_b_014 899
fin_b_015 866
fin_b_016 974
fin_b_017 721
fin_b_018 845
fin_b_019 887
fin_b_020 914
ins_b_001 726
ins_b_002 811
ins_b_003 850
ins_b_004 748
ins_b_005 806
ins_b_006 705
ins_b_007 776
ins_b_008 753
ins_b_009 764
ins_b_010 659
ins_b_011 717
ins_b_012 746
ins_b_013 689
ins_b_014 750
ins_b_015 677
ins_b_016 865
ins_b_017 684
ins_b_018 826
ins_b_019 810
ins_b_020 795
reg_b_001 814
reg_b_003 755
reg_b_004 777
reg_b_005 762
reg_b_007 806
reg_b_008 851
reg_b_009 741
reg_b_013 863
reg_b_014 714
reg_b_015 749
reg_b_016 721
reg_b_017 717
reg_b_018 804
reg_b_020 772
reg_b_021 926
reg_b_023 725
reg_b_024 750
reg_b_025 718
reg_b_026 837
reg_b_027 775
res_b_001 731
res_b_002 854
res_b_003 884
res_b_004 837
res_b_005 915
res_b_006 795
res_b_007 709
res_b_008 860
res_b_009 814
res_b_010 859
res_b_011 684
res_b_012 795
res_b_013 775
res_b_014 830
res_b_015 877
res_b_016 801
res_b_017 874
res_b_018 832
res_b_019 788
res_b_020 887
ALL-DONE
